  Shader.cpp
F:\OpenGL\FirstOpenGL\FirstOpenGL\Shader.h(2,10): warning C4067: 预处理器指令后有意外标记 - 应输入换行符
  main.cpp
F:\OpenGL\FirstOpenGL\FirstOpenGL\Shader.h(2,10): warning C4067: 预处理器指令后有意外标记 - 应输入换行符
F:\OpenGL\FirstOpenGL\FirstOpenGL\mesh.h(59,1): warning C4267: “参数”: 从“size_t”转换到“GLsizei”，可能丢失数据
F:\OpenGL\FirstOpenGL\FirstOpenGL\main.cpp(99,28): warning C4244: “初始化”: 从“double”转换到“float”，可能丢失数据
F:\OpenGL\FirstOpenGL\FirstOpenGL\main.cpp(173,17): warning C4244: “=”: 从“double”转换到“float”，可能丢失数据
F:\OpenGL\FirstOpenGL\FirstOpenGL\main.cpp(174,17): warning C4244: “=”: 从“double”转换到“float”，可能丢失数据
F:\OpenGL\FirstOpenGL\FirstOpenGL\main.cpp(178,19): warning C4244: “初始化”: 从“double”转换到“float”，可能丢失数据
F:\OpenGL\FirstOpenGL\FirstOpenGL\main.cpp(179,19): warning C4244: “初始化”: 从“double”转换到“float”，可能丢失数据
F:\OpenGL\FirstOpenGL\FirstOpenGL\main.cpp(181,13): warning C4244: “=”: 从“double”转换到“float”，可能丢失数据
F:\OpenGL\FirstOpenGL\FirstOpenGL\main.cpp(182,13): warning C4244: “=”: 从“double”转换到“float”，可能丢失数据
F:\OpenGL\FirstOpenGL\FirstOpenGL\main.cpp(191,31): warning C4244: “参数”: 从“double”转换到“float”，可能丢失数据
  正在生成代码...
glfw3.lib(context.obj) : warning LNK4099: 未找到 PDB“glfw.pdb”(使用“glfw3.lib(context.obj)”或在“F:\OpenGL\FirstOpenGL\x64\Debug\glfw.pdb”中寻找)；正在链接对象，如同没有调试信息一样
glfw3.lib(init.obj) : warning LNK4099: 未找到 PDB“glfw.pdb”(使用“glfw3.lib(init.obj)”或在“F:\OpenGL\FirstOpenGL\x64\Debug\glfw.pdb”中寻找)；正在链接对象，如同没有调试信息一样
glfw3.lib(input.obj) : warning LNK4099: 未找到 PDB“glfw.pdb”(使用“glfw3.lib(input.obj)”或在“F:\OpenGL\FirstOpenGL\x64\Debug\glfw.pdb”中寻找)；正在链接对象，如同没有调试信息一样
glfw3.lib(monitor.obj) : warning LNK4099: 未找到 PDB“glfw.pdb”(使用“glfw3.lib(monitor.obj)”或在“F:\OpenGL\FirstOpenGL\x64\Debug\glfw.pdb”中寻找)；正在链接对象，如同没有调试信息一样
glfw3.lib(vulkan.obj) : warning LNK4099: 未找到 PDB“glfw.pdb”(使用“glfw3.lib(vulkan.obj)”或在“F:\OpenGL\FirstOpenGL\x64\Debug\glfw.pdb”中寻找)；正在链接对象，如同没有调试信息一样
glfw3.lib(window.obj) : warning LNK4099: 未找到 PDB“glfw.pdb”(使用“glfw3.lib(window.obj)”或在“F:\OpenGL\FirstOpenGL\x64\Debug\glfw.pdb”中寻找)；正在链接对象，如同没有调试信息一样
glfw3.lib(win32_init.obj) : warning LNK4099: 未找到 PDB“glfw.pdb”(使用“glfw3.lib(win32_init.obj)”或在“F:\OpenGL\FirstOpenGL\x64\Debug\glfw.pdb”中寻找)；正在链接对象，如同没有调试信息一样
glfw3.lib(win32_joystick.obj) : warning LNK4099: 未找到 PDB“glfw.pdb”(使用“glfw3.lib(win32_joystick.obj)”或在“F:\OpenGL\FirstOpenGL\x64\Debug\glfw.pdb”中寻找)；正在链接对象，如同没有调试信息一样
glfw3.lib(win32_monitor.obj) : warning LNK4099: 未找到 PDB“glfw.pdb”(使用“glfw3.lib(win32_monitor.obj)”或在“F:\OpenGL\FirstOpenGL\x64\Debug\glfw.pdb”中寻找)；正在链接对象，如同没有调试信息一样
glfw3.lib(win32_time.obj) : warning LNK4099: 未找到 PDB“glfw.pdb”(使用“glfw3.lib(win32_time.obj)”或在“F:\OpenGL\FirstOpenGL\x64\Debug\glfw.pdb”中寻找)；正在链接对象，如同没有调试信息一样
glfw3.lib(win32_thread.obj) : warning LNK4099: 未找到 PDB“glfw.pdb”(使用“glfw3.lib(win32_thread.obj)”或在“F:\OpenGL\FirstOpenGL\x64\Debug\glfw.pdb”中寻找)；正在链接对象，如同没有调试信息一样
glfw3.lib(win32_window.obj) : warning LNK4099: 未找到 PDB“glfw.pdb”(使用“glfw3.lib(win32_window.obj)”或在“F:\OpenGL\FirstOpenGL\x64\Debug\glfw.pdb”中寻找)；正在链接对象，如同没有调试信息一样
glfw3.lib(wgl_context.obj) : warning LNK4099: 未找到 PDB“glfw.pdb”(使用“glfw3.lib(wgl_context.obj)”或在“F:\OpenGL\FirstOpenGL\x64\Debug\glfw.pdb”中寻找)；正在链接对象，如同没有调试信息一样
glfw3.lib(egl_context.obj) : warning LNK4099: 未找到 PDB“glfw.pdb”(使用“glfw3.lib(egl_context.obj)”或在“F:\OpenGL\FirstOpenGL\x64\Debug\glfw.pdb”中寻找)；正在链接对象，如同没有调试信息一样
glfw3.lib(osmesa_context.obj) : warning LNK4099: 未找到 PDB“glfw.pdb”(使用“glfw3.lib(osmesa_context.obj)”或在“F:\OpenGL\FirstOpenGL\x64\Debug\glfw.pdb”中寻找)；正在链接对象，如同没有调试信息一样
  FirstOpenGL.vcxproj -> F:\OpenGL\FirstOpenGL\x64\Debug\FirstOpenGL.exe
